2025-07-03 01:14:12,140 - INFO - Mode: DEBUG – train/test split 80/20
2025-07-03 01:14:12,162 - INFO - Scaler saved to models\scaler.pkl
2025-07-03 01:14:12,613 - INFO - Baseline model saved to models/baseline_model.pkl
2025-07-03 01:14:14,577 - INFO - Training baseline model process completed.
2025-07-03 01:14:20,718 - INFO - Mode: DEBUG – train/test split 80/20
2025-07-03 01:14:20,727 - INFO - Scaler saved to models\scaler.pkl
2025-07-03 01:14:21,678 - INFO - XGBoost model saved to models/xgb_model.pkl
2025-07-03 01:14:34,876 - INFO - Training xgb model process completed.
2025-07-15 12:48:43,219 - WARNING - Retrying (Retry(total=6, connect=6, read=7, redirect=7, status=7)) after connection broken by 'NewConnectionError('<urllib3.connection.HTTPConnection object at 0x0000022475CCF560>: Failed to establish a new connection: [WinError 10061] Aucune connexion n’a pu être établie car l’ordinateur cible l’a expressément refusée')': /api/2.0/mlflow/experiments/get-by-name?experiment_name=telco_churn_experiment
2025-07-15 12:49:55,781 - INFO - Mode: DEBUG – train/test split 80/20
2025-07-15 12:49:55,796 - INFO - Scaler saved to models\scaler.pkl
2025-07-15 12:49:56,732 - INFO - XGBoost model saved to models/xgb_model.pkl
2025-07-15 12:49:57,118 - INFO - XGBoost model saved to models/xgb_model.pkl
2025-07-15 12:50:07,881 - INFO - Training xgb model process completed.
2025-07-15 17:15:07,378 - INFO - Mode: DEBUG – train/test split 80/20
2025-07-15 17:15:07,389 - INFO - Scaler saved to models\scaler.pkl
2025-07-15 17:15:08,204 - INFO - XGBoost model saved to models/xgb_model.pkl
2025-07-15 17:15:08,338 - INFO - XGBoost model saved to models/xgb_model.pkl
2025-07-15 17:15:08,481 - INFO - XGBoost model saved to models/xgb_model.pkl
2025-07-15 17:15:16,344 - INFO - Training xgb model process completed.
2025-07-15 17:25:04,023 - INFO - Mode: DEBUG – train/test split 80/20
2025-07-15 17:25:04,035 - INFO - Scaler saved to models\scaler.pkl
2025-07-15 17:25:33,993 - INFO - Mode: DEBUG – train/test split 80/20
2025-07-15 17:25:34,005 - INFO - Scaler saved to models\scaler.pkl
2025-07-15 17:25:34,835 - INFO - XGBoost model saved to models/xgb_model.pkl
2025-07-15 17:25:34,971 - INFO - XGBoost model saved to models/xgb_model.pkl
2025-07-15 17:25:35,108 - INFO - XGBoost model saved to models/xgb_model.pkl
2025-07-15 17:25:41,081 - INFO - Training xgb model process completed.
2025-07-15 18:13:28,173 - INFO - Mode: DEBUG – train/test split 80/20
2025-07-15 18:13:28,184 - INFO - Scaler saved to models\scaler.pkl
2025-07-15 18:13:29,119 - INFO - XGBoost model saved to models/xgb_model.pkl
2025-07-15 18:13:29,251 - INFO - XGBoost model saved to models/xgb_model.pkl
2025-07-15 18:13:29,385 - INFO - XGBoost model saved to models/xgb_model.pkl
2025-07-15 18:13:35,295 - INFO - Training xgb model process completed.
